[2018-01-10 14:55:13] - login type errorMessage: Cannot locate option with value: a

[2018-01-10 14:55:14] - element is not exsit:content1
[2018-01-10 14:55:16] - element is not exsit:topFrame
[2018-01-10 14:55:17] - element is not exsit:logout
[2018-01-10 14:55:18] - login type errorMessage: Cannot locate option with value: b

[2018-01-10 14:55:20] - element is not exsit:content1
[2018-01-10 14:55:21] - element is not exsit:topFrame
[2018-01-10 14:55:22] - element is not exsit:logout
[2018-01-10 14:55:23] - login type errorMessage: Cannot locate option with value: c

[2018-01-10 14:55:25] - element is not exsit:content1
[2018-01-10 14:55:26] - element is not exsit:topFrame
[2018-01-10 14:55:27] - element is not exsit:logout
[2018-01-10 15:04:12] - element is not exsit:content1
[2018-01-10 15:04:13] - element is not exsit:topFrame
[2018-01-10 15:04:14] - element is not exsit:logout
[2018-01-10 15:04:22] - element is not exsit:content1
[2018-01-10 15:04:23] - element is not exsit:topFrame
[2018-01-10 15:04:24] - element is not exsit:logout
[2018-01-10 15:04:32] - element is not exsit:content1
[2018-01-10 15:04:33] - element is not exsit:topFrame
[2018-01-10 15:04:34] - element is not exsit:logout
[2018-01-10 15:04:43] - element is not exsit:content1
[2018-01-10 15:04:44] - element is not exsit:topFrame
[2018-01-10 15:04:45] - element is not exsit:logout
[2018-01-10 15:12:10] - element is not exsit:content1
[2018-01-10 15:12:11] - element is not exsit:topFrame
[2018-01-10 15:12:14] - element is not exsit:logout
[2018-01-10 15:12:46] - element is not exsit:content1
[2018-01-10 15:12:47] - element is not exsit:topFrame
[2018-01-10 15:12:49] - element is not exsit:logout
[2018-01-10 15:12:58] - element is not exsit:content1
[2018-01-10 15:12:59] - element is not exsit:topFrame
[2018-01-10 15:13:01] - element is not exsit:logout
[2018-01-10 15:13:10] - element is not exsit:content1
[2018-01-10 15:13:12] - element is not exsit:topFrame
[2018-01-10 15:13:13] - element is not exsit:logout
[2018-01-10 15:14:53] - element is not exsit:content1
[2018-01-10 15:14:54] - element is not exsit:topFrame
[2018-01-10 15:14:55] - element is not exsit:logout
[2018-01-10 15:14:58] - element is not exsit:content1
[2018-01-10 15:14:59] - element is not exsit:topFrame
[2018-01-10 15:15:00] - element is not exsit:logout
[2018-01-10 15:15:02] - element is not exsit:content1
[2018-01-10 15:15:03] - element is not exsit:topFrame
[2018-01-10 15:15:04] - element is not exsit:logout
[2018-01-10 15:15:06] - element is not exsit:content1
[2018-01-10 15:15:07] - element is not exsit:topFrame
[2018-01-10 15:15:08] - element is not exsit:logout
[2018-01-10 17:02:58] - element is not exsit:content1
[2018-01-10 17:03:09] - element is not exsit:topFrame
[2018-01-10 17:03:19] - element is not exsit:logout
[2018-01-10 17:03:31] - element is not exsit:content1
[2018-01-10 17:03:42] - element is not exsit:topFrame
[2018-01-10 17:03:52] - element is not exsit:logout
[2018-01-10 17:04:04] - element is not exsit:content1
[2018-01-10 17:04:14] - element is not exsit:topFrame
[2018-01-10 17:04:25] - element is not exsit:logout
[2018-01-10 17:04:36] - element is not exsit:content1
[2018-01-10 17:04:47] - element is not exsit:topFrame
[2018-01-10 17:04:57] - element is not exsit:logout
