[2017-07-28 15:45:40] - addsysrole----start
[2017-07-28 15:45:45] - 添加系统管理员角色---------测试通过
[2017-07-28 15:45:49] - 添加超级审计员角色---------测试通过
[2017-07-28 15:45:50] - addsysrole----end

[2017-07-28 15:45:50] - addroledpt----start
[2017-07-28 15:45:54] - 添加部门管理员角色---------测试通过
[2017-07-28 15:45:54] - addroledpt----end

[2017-07-28 15:46:08] - add_edit_department----start
[2017-07-28 15:46:11] - 添加cyy部门---------测试通过
[2017-07-28 15:46:13] - 添加zlj部门---------测试通过
[2017-07-28 15:46:15] - 添加lzy部门---------测试通过
[2017-07-28 15:46:16] - 添加gyr部门---------测试通过
[2017-07-28 15:46:18] - 添加zzf部门---------测试通过
[2017-07-28 15:46:20] - 添加jyb部门---------测试通过
[2017-07-28 15:46:22] - 编辑部门---------测试通过
[2017-07-28 15:46:22] - add_edit_department----end

[2017-07-28 15:46:24] - add_resource----start
[2017-07-28 15:46:35] - 添加RedHat123资源---------测试通过
[2017-07-28 15:46:41] - 添加Debian资源---------测试通过
[2017-07-28 15:46:46] - 添加Centos资源---------测试通过
[2017-07-28 15:46:47] - add_resource----end

[2017-07-28 15:46:48] - add_edit_regroup----start
[2017-07-28 15:46:51] - 添加unix资源组---------测试通过
[2017-07-28 15:46:53] - 添加network资源组---------测试通过
[2017-07-28 15:46:55] - 添加window资源组---------测试通过
[2017-07-28 15:46:57] - 添加数据库资源组---------测试通过
[2017-07-28 15:46:59] - 添加application资源组---------测试通过
[2017-07-28 15:47:01] - 编辑unix资源组---------测试通过
[2017-07-28 15:47:01] - add_edit_regroup----end

[2017-07-28 15:47:01] - up_down_regroup----start
[2017-07-28 15:47:03] - 上移network资源组---------测试通过
[2017-07-28 15:47:04] - 下移数据库资源组---------测试通过
[2017-07-28 15:47:04] - up_down_regroup----end

[2017-07-28 15:47:04] - up_down_regroup_check----start
[2017-07-28 15:47:07] - 上移network资源组---------测试通过
[2017-07-28 15:47:11] - 下移数据库资源组---------测试通过
[2017-07-28 15:47:11] - up_down_regroup_check----end

[2017-07-28 15:47:11] - check_add_edit_regroup----start
[2017-07-28 15:47:14] - 添加时不填写资源组名称---------测试通过
[2017-07-28 15:47:17] - 编辑时不填写资源组名称---------测试通过
[2017-07-28 15:47:19] - 添加时输入非法字符---------测试通过
[2017-07-28 15:47:22] - 编辑时填写非法字符---------测试通过
[2017-07-28 15:47:25] - 添加重复的linux资源组---------测试通过
[2017-07-28 15:47:28] - 编辑network资源组名称重复---------测试通过
[2017-07-28 15:47:31] - 添加资源组名称大于32位---------测试通过
[2017-07-28 15:47:34] - 编辑资源组名称大于32位---------测试通过
[2017-07-28 15:47:34] - check_add_edit_regroup----end

[2017-07-28 15:47:34] - regroup_add_resource----start
[2017-07-28 15:47:38] - linux资源组中添加资源---------测试通过
[2017-07-28 15:47:38] - regroup_add_resource----end

[2017-07-28 15:47:38] - query_regroup----start
[2017-07-28 15:47:41] - 检索名称/IP不填写任何东西---------测试通过
[2017-07-28 15:47:42] - 检索名称/IP框里填写特殊字符@#￥---------测试通过
[2017-07-28 15:47:43] - 检索名称/IP框里填写Debian---------测试通过
[2017-07-28 15:47:44] - 检索名称/IP框里填写ip---------测试通过
[2017-07-28 15:47:44] - query_regroup----end

[2017-07-28 15:47:44] - regroup_del_resouce----start
[2017-07-28 15:47:46] - 资源组删除资源---------测试通过
[2017-07-28 15:47:46] - regroup_del_resouce----end

[2017-07-28 15:47:46] - regroup_bulk_resouce----start
[2017-07-28 15:47:49] - 资源组中批量删除资源---------测试通过
[2017-07-28 15:47:49] - regroup_bulk_resouce----end

[2017-07-28 15:47:49] - del_regroup----start
[2017-07-28 15:47:51] - 删除unix资源组---------测试通过
[2017-07-28 15:47:53] - 删除network资源组---------测试通过
[2017-07-28 15:47:55] - 删除window资源组---------测试通过
[2017-07-28 15:47:57] - 删除数据库资源组---------测试通过
[2017-07-28 15:47:59] - 删除application资源组---------测试通过
[2017-07-28 15:47:59] - del_regroup----end

[2017-07-28 15:48:00] - bulkdel_resource----start
[2017-07-28 15:48:01] - 全选删除所有资源---------测试通过
[2017-07-28 15:48:01] - bulkdel_resource----end

[2017-07-28 15:48:03] - del_department----start
[2017-07-28 15:48:05] - 删除陈圆圆部门---------测试通过
[2017-07-28 15:48:07] - 删除zlj部门---------测试通过
[2017-07-28 15:48:09] - 删除lzy部门---------测试通过
[2017-07-28 15:48:10] - 删除gyr部门---------测试通过
[2017-07-28 15:48:12] - 删除zzf部门---------测试通过
[2017-07-28 15:48:14] - 删除jyb部门---------测试通过
[2017-07-28 15:48:14] - del_department----end

[2017-07-28 15:48:15] - bulkdelrole----start
[2017-07-28 15:48:17] - 全选角色进行删除---------测试通过
[2017-07-28 15:48:17] - bulkdelrole----end

[2017-07-28 15:48:19] - DelAllUser----start
[2017-07-28 15:48:20] - 删除全部用户---------测试通过
[2017-07-28 15:48:20] - DelAllUser----end

